[0.590s] Invoking command in '/home/hari/projects/auro/crash-course/ros2_ws/src/my_robot_controller': PYTHONPATH=/home/hari/projects/auro/crash-course/ros2_ws/build/my_robot_controller/prefix_override:/usr/lib/python3/dist-packages/colcon_core/task/python/colcon_distutils_commands:/home/hari/projects/auro/crash-course/ros2_ws/install/my_robot_controller/lib/python3.10/site-packages:${PYTHONPATH} /usr/bin/python3 -W ignore:setup.py install is deprecated setup.py egg_info --egg-base ../../build/my_robot_controller build --build-base /home/hari/projects/auro/crash-course/ros2_ws/build/my_robot_controller/build install --record /home/hari/projects/auro/crash-course/ros2_ws/build/my_robot_controller/install.log --single-version-externally-managed install_data
[0.786s] running egg_info
[0.787s] writing ../../build/my_robot_controller/my_robot_controller.egg-info/PKG-INFO
[0.787s] writing dependency_links to ../../build/my_robot_controller/my_robot_controller.egg-info/dependency_links.txt
[0.787s] writing entry points to ../../build/my_robot_controller/my_robot_controller.egg-info/entry_points.txt
[0.787s] writing requirements to ../../build/my_robot_controller/my_robot_controller.egg-info/requires.txt
[0.787s] writing top-level names to ../../build/my_robot_controller/my_robot_controller.egg-info/top_level.txt
[0.788s] reading manifest file '../../build/my_robot_controller/my_robot_controller.egg-info/SOURCES.txt'
[0.790s] writing manifest file '../../build/my_robot_controller/my_robot_controller.egg-info/SOURCES.txt'
[0.790s] running build
[0.790s] running build_py
[0.790s] copying my_robot_controller/my_first_node.py -> /home/hari/projects/auro/crash-course/ros2_ws/build/my_robot_controller/build/lib/my_robot_controller
[0.790s] running install
[0.790s] running install_lib
[0.791s] copying /home/hari/projects/auro/crash-course/ros2_ws/build/my_robot_controller/build/lib/my_robot_controller/my_first_node.py -> /home/hari/projects/auro/crash-course/ros2_ws/install/my_robot_controller/lib/python3.10/site-packages/my_robot_controller
[0.791s] byte-compiling /home/hari/projects/auro/crash-course/ros2_ws/install/my_robot_controller/lib/python3.10/site-packages/my_robot_controller/my_first_node.py to my_first_node.cpython-310.pyc
[0.791s] running install_data
[0.791s] running install_egg_info
[0.793s] removing '/home/hari/projects/auro/crash-course/ros2_ws/install/my_robot_controller/lib/python3.10/site-packages/my_robot_controller-0.0.0-py3.10.egg-info' (and everything under it)
[0.793s] Copying ../../build/my_robot_controller/my_robot_controller.egg-info to /home/hari/projects/auro/crash-course/ros2_ws/install/my_robot_controller/lib/python3.10/site-packages/my_robot_controller-0.0.0-py3.10.egg-info
[0.794s] running install_scripts
[0.809s] writing list of installed files to '/home/hari/projects/auro/crash-course/ros2_ws/build/my_robot_controller/install.log'
[0.824s] Invoked command in '/home/hari/projects/auro/crash-course/ros2_ws/src/my_robot_controller' returned '0': PYTHONPATH=/home/hari/projects/auro/crash-course/ros2_ws/build/my_robot_controller/prefix_override:/usr/lib/python3/dist-packages/colcon_core/task/python/colcon_distutils_commands:/home/hari/projects/auro/crash-course/ros2_ws/install/my_robot_controller/lib/python3.10/site-packages:${PYTHONPATH} /usr/bin/python3 -W ignore:setup.py install is deprecated setup.py egg_info --egg-base ../../build/my_robot_controller build --build-base /home/hari/projects/auro/crash-course/ros2_ws/build/my_robot_controller/build install --record /home/hari/projects/auro/crash-course/ros2_ws/build/my_robot_controller/install.log --single-version-externally-managed install_data
